Unable to capture context for thread 14276 in process 14904, can not generate back trace
Unable to capture context for thread 12072 in process 14904, can not generate back trace
Unable to capture context for thread 2072 in process 14904, can not generate back trace
Unable to capture context for thread 14276 in process 14904, can not generate back trace
Unable to capture context for thread 12072 in process 14904, can not generate back trace
Unable to capture context for thread 2072 in process 14904, can not generate back trace
Exception at PC 0x00007FF9BB23BB93
Printing stacktrace...

Exception at PC 0x00007FFA24C07788
Exception at PC 0x00007FFA24C07788
Exception at PC 0x00007FFA24C07788
Unable to capture context for thread 11076 in process 14904, can not generate back trace
Exception at PC 0x00007FFA24C07788
Exception at PC 0x00007FFA24C07788
Exception at PC 0x00007FFA24C07788
Exception at PC 0x00007FFA24C07788
Exception at PC 0x00007FFA24C07788
Exception at PC 0x00007FFA24C07788
Exception at PC 0x00007FFA24C07788
Exception at PC 0x00007FFA24C07788
Exception at PC 0x00007FFA24C07788
Exception at PC 0x00007FFA24C07788
Exception at PC 0x00007FFA24C07788
Exception at PC 0x00007FFA24C07788
Exception at PC 0x00007FFA24C07788
Exception at PC 0x00007FFA24C07788
Exception at PC 0x00007FFA24C07788
Exception at PC 0x00007FFA24C07788
Exception at PC 0x00007FFA24C07788
[0]  [0x00007FF9BB23BB93]
[1]  [0x00007FF9BB23BB93]
[2]  [0x00007FF9BB23B4A1]
[3]  [0x00007FF9BB23B3EF]
[4]  [0x00007FF9BB2219FE]
[5]  [0x00007FF9BB220ED1]
[6]  [0x00007FF9BB220D76]
[7]  [0x00007FF9BB1C79F6]
[8]  [0x00007FF9BB1B7AFB]
[9]  [0x00007FF9BB2DE90A]
[10]  [0x00007FF9BB2F9F87]
[11]  [0x00007FF9BB2FA05F]
[12] (BaseThreadInitThunk+0x14) [0x00007FFA25EB8364]
[13] (RtlUserThreadStart+0x21) [0x00007FFA28425E91]
Done
